<?xml version="1.0" encoding="UTF-8"?>
<!-- Generated by org.testng.reporters.JUnitReportReporter -->
<testsuite skipped="0" hostname="DESKTOP-E1E9EHH" name="practicejava.Calendarcode" tests="1" failures="0" timestamp="06 Apr 2019 13:42:07 GMT" time="6.171" errors="0">
  <testcase name="verifycalendar" time="6.171" classname="practicejava.Calendarcode"/>
</testsuite> <!-- practicejava.Calendarcode -->
